CRITICAL - 2026-04-09 09:02:55 --> CodeIgniter\View\Exceptions\ViewException: Invalid file: "templates/auth_header.php"
[Method: GET, Route: /]
in SYSTEMPATH\Exceptions\FrameworkException.php on line 39.
 1 SYSTEMPATH\View\View.php(228): CodeIgniter\Exceptions\FrameworkException::forInvalidFile('templates/auth_header.php')
 2 SYSTEMPATH\Common.php(1250): CodeIgniter\View\View->render('templates/auth_header', [], true)
 3 APPPATH\Controllers\Tamu.php(46): view('templates/auth_header', [...])
 4 SYSTEMPATH\CodeIgniter.php(951): App\Controllers\Tamu->index()
 5 SYSTEMPATH\CodeIgniter.php(497): CodeIgniter\CodeIgniter->runController(Object(App\Controllers\Tamu))
 6 SYSTEMPATH\CodeIgniter.php(340): CodeIgniter\CodeIgniter->handleRequest(null, Object(Config\Cache), false)
 7 SYSTEMPATH\Boot.php(417): CodeIgniter\CodeIgniter->run()
 8 SYSTEMPATH\Boot.php(68): CodeIgniter\Boot::runCodeIgniter(Object(CodeIgniter\CodeIgniter))
 9 FCPATH\index.php(59): CodeIgniter\Boot::bootWeb(Object(Config\Paths))
CRITICAL - 2026-04-09 09:03:05 --> CodeIgniter\View\Exceptions\ViewException: Invalid file: "templates/auth_header.php"
[Method: GET, Route: /]
in SYSTEMPATH\Exceptions\FrameworkException.php on line 39.
 1 SYSTEMPATH\View\View.php(228): CodeIgniter\Exceptions\FrameworkException::forInvalidFile('templates/auth_header.php')
 2 SYSTEMPATH\Common.php(1250): CodeIgniter\View\View->render('templates/auth_header', [], true)
 3 APPPATH\Controllers\Tamu.php(46): view('templates/auth_header', [...])
 4 SYSTEMPATH\CodeIgniter.php(951): App\Controllers\Tamu->index()
 5 SYSTEMPATH\CodeIgniter.php(497): CodeIgniter\CodeIgniter->runController(Object(App\Controllers\Tamu))
 6 SYSTEMPATH\CodeIgniter.php(340): CodeIgniter\CodeIgniter->handleRequest(null, Object(Config\Cache), false)
 7 SYSTEMPATH\Boot.php(417): CodeIgniter\CodeIgniter->run()
 8 SYSTEMPATH\Boot.php(68): CodeIgniter\Boot::runCodeIgniter(Object(CodeIgniter\CodeIgniter))
 9 FCPATH\index.php(59): CodeIgniter\Boot::bootWeb(Object(Config\Paths))
CRITICAL - 2026-04-09 15:12:08 --> Error: Call to undefined function sensorText()
[Method: GET, Route: tamu/buku_tamu/666571]
in APPPATH\Views\tamu\codeTamu.php on line 66.
 1 SYSTEMPATH\View\View.php(240): include()
 2 SYSTEMPATH\View\View.php(243): CodeIgniter\View\View->CodeIgniter\View\{closure}()
 3 SYSTEMPATH\Common.php(1250): CodeIgniter\View\View->render('tamu/codeTamu', [], true)
 4 APPPATH\Controllers\Tamu.php(203): view('tamu/codeTamu', [...])
 5 SYSTEMPATH\CodeIgniter.php(951): App\Controllers\Tamu->buku_tamu('666571')
 6 SYSTEMPATH\CodeIgniter.php(497): CodeIgniter\CodeIgniter->runController(Object(App\Controllers\Tamu))
 7 SYSTEMPATH\CodeIgniter.php(340): CodeIgniter\CodeIgniter->handleRequest(null, Object(Config\Cache), false)
 8 SYSTEMPATH\Boot.php(417): CodeIgniter\CodeIgniter->run()
 9 SYSTEMPATH\Boot.php(68): CodeIgniter\Boot::runCodeIgniter(Object(CodeIgniter\CodeIgniter))
10 FCPATH\index.php(59): CodeIgniter\Boot::bootWeb(Object(Config\Paths))
11 SYSTEMPATH\rewrite.php(44): require_once('C:\\laragon\\www\\CI-SapaPajak\\public\\index.php')
CRITICAL - 2026-04-09 15:12:20 --> Error: Call to undefined function sensorText()
[Method: GET, Route: tamu/buku_tamu/666571]
in APPPATH\Views\tamu\codeTamu.php on line 66.
 1 SYSTEMPATH\View\View.php(240): include()
 2 SYSTEMPATH\View\View.php(243): CodeIgniter\View\View->CodeIgniter\View\{closure}()
 3 SYSTEMPATH\Common.php(1250): CodeIgniter\View\View->render('tamu/codeTamu', [], true)
 4 APPPATH\Controllers\Tamu.php(203): view('tamu/codeTamu', [...])
 5 SYSTEMPATH\CodeIgniter.php(951): App\Controllers\Tamu->buku_tamu('666571')
 6 SYSTEMPATH\CodeIgniter.php(497): CodeIgniter\CodeIgniter->runController(Object(App\Controllers\Tamu))
 7 SYSTEMPATH\CodeIgniter.php(340): CodeIgniter\CodeIgniter->handleRequest(null, Object(Config\Cache), false)
 8 SYSTEMPATH\Boot.php(417): CodeIgniter\CodeIgniter->run()
 9 SYSTEMPATH\Boot.php(68): CodeIgniter\Boot::runCodeIgniter(Object(CodeIgniter\CodeIgniter))
10 FCPATH\index.php(59): CodeIgniter\Boot::bootWeb(Object(Config\Paths))
11 SYSTEMPATH\rewrite.php(44): require_once('C:\\laragon\\www\\CI-SapaPajak\\public\\index.php')
CRITICAL - 2026-04-09 15:12:21 --> Error: Call to undefined function sensorText()
[Method: GET, Route: tamu/buku_tamu/666571]
in APPPATH\Views\tamu\codeTamu.php on line 66.
 1 SYSTEMPATH\View\View.php(240): include()
 2 SYSTEMPATH\View\View.php(243): CodeIgniter\View\View->CodeIgniter\View\{closure}()
 3 SYSTEMPATH\Common.php(1250): CodeIgniter\View\View->render('tamu/codeTamu', [], true)
 4 APPPATH\Controllers\Tamu.php(203): view('tamu/codeTamu', [...])
 5 SYSTEMPATH\CodeIgniter.php(951): App\Controllers\Tamu->buku_tamu('666571')
 6 SYSTEMPATH\CodeIgniter.php(497): CodeIgniter\CodeIgniter->runController(Object(App\Controllers\Tamu))
 7 SYSTEMPATH\CodeIgniter.php(340): CodeIgniter\CodeIgniter->handleRequest(null, Object(Config\Cache), false)
 8 SYSTEMPATH\Boot.php(417): CodeIgniter\CodeIgniter->run()
 9 SYSTEMPATH\Boot.php(68): CodeIgniter\Boot::runCodeIgniter(Object(CodeIgniter\CodeIgniter))
10 FCPATH\index.php(59): CodeIgniter\Boot::bootWeb(Object(Config\Paths))
11 SYSTEMPATH\rewrite.php(44): require_once('C:\\laragon\\www\\CI-SapaPajak\\public\\index.php')
CRITICAL - 2026-04-09 15:12:44 --> Error: Call to undefined function sensorText()
[Method: GET, Route: tamu/buku_tamu/666571]
in APPPATH\Views\tamu\codeTamu.php on line 66.
 1 SYSTEMPATH\View\View.php(240): include()
 2 SYSTEMPATH\View\View.php(243): CodeIgniter\View\View->CodeIgniter\View\{closure}()
 3 SYSTEMPATH\Common.php(1250): CodeIgniter\View\View->render('tamu/codeTamu', [], true)
 4 APPPATH\Controllers\Tamu.php(203): view('tamu/codeTamu', [...])
 5 SYSTEMPATH\CodeIgniter.php(951): App\Controllers\Tamu->buku_tamu('666571')
 6 SYSTEMPATH\CodeIgniter.php(497): CodeIgniter\CodeIgniter->runController(Object(App\Controllers\Tamu))
 7 SYSTEMPATH\CodeIgniter.php(340): CodeIgniter\CodeIgniter->handleRequest(null, Object(Config\Cache), false)
 8 SYSTEMPATH\Boot.php(417): CodeIgniter\CodeIgniter->run()
 9 SYSTEMPATH\Boot.php(68): CodeIgniter\Boot::runCodeIgniter(Object(CodeIgniter\CodeIgniter))
10 FCPATH\index.php(59): CodeIgniter\Boot::bootWeb(Object(Config\Paths))
11 SYSTEMPATH\rewrite.php(44): require_once('C:\\laragon\\www\\CI-SapaPajak\\public\\index.php')
